# JRE version: Java(TM) SE Runtime Environment (17.0.11+7) (build 17.0.11+7-LTS-207)
# Java VM: Java HotSpot(TM) 64-Bit Server VM (17.0.11+7-LTS-207, mixed mode, emulated-client, sharing, tiered, compressed oops, compressed class ptrs, g1 gc, windows-amd64)
GC Precious Log:
 CPUs: 20 total, 20 available
 Memory: 16234M
 Large Page Support: Disabled
 NUMA Support: Disabled
 Compressed Oops: Enabled (Zero based)
 Heap Region Size: 2M
 Heap Min Capacity: 8M
 Heap Initial Capacity: 254M
 Heap Max Capacity: 4060M
 Pre-touch: Disabled
 Parallel Workers: 15
 Concurrent Workers: 4
 Concurrent Refinement Workers: 15
 Periodic GC: Disabled
Heap:
 garbage-first heap   total 260096K, used 104448K [0x0000000702400000, 0x0000000800000000)
  region size 2048K, 3 young (6144K), 3 survivors (6144K)
 Metaspace       used 88847K, committed 89664K, reserved 1179648K
  class space    used 12989K, committed 13376K, reserved 1048576K
GC Heap History (20 events):
Event: 6.888 GC heap after
{Heap after GC invocations=18 (full 0):
 garbage-first heap   total 131072K, used 47434K [0x0000000702400000, 0x0000000800000000)
  region size 2048K, 4 young (8192K), 4 survivors (8192K)
 Metaspace       used 82311K, committed 82944K, reserved 1179648K
  class space    used 11956K, committed 12288K, reserved 1048576K
}
Event: 7.019 GC heap before
{Heap before GC invocations=18 (full 0):
 garbage-first heap   total 131072K, used 104778K [0x0000000702400000, 0x0000000800000000)
  region size 2048K, 32 young (65536K), 4 survivors (8192K)
 Metaspace       used 83832K, committed 84480K, reserved 1179648K
  class space    used 12146K, committed 12480K, reserved 1048576K
}
Event: 7.022 GC heap after
{Heap after GC invocations=19 (full 0):
 garbage-first heap   total 131072K, used 48742K [0x0000000702400000, 0x0000000800000000)
  region size 2048K, 3 young (6144K), 3 survivors (6144K)
 Metaspace       used 83832K, committed 84480K, reserved 1179648K
  class space    used 12146K, committed 12480K, reserved 1048576K
}
Event: 7.137 GC heap before
{Heap before GC invocations=19 (full 0):
 garbage-first heap   total 131072K, used 104038K [0x0000000702400000, 0x0000000800000000)
  region size 2048K, 30 young (61440K), 3 survivors (6144K)
 Metaspace       used 84545K, committed 85248K, reserved 1179648K
  class space    used 12257K, committed 12608K, reserved 1048576K
}
Event: 7.141 GC heap after
{Heap after GC invocations=20 (full 0):
 garbage-first heap   total 131072K, used 54457K [0x0000000702400000, 0x0000000800000000)
  region size 2048K, 4 young (8192K), 4 survivors (8192K)
 Metaspace       used 84545K, committed 85248K, reserved 1179648K
  class space    used 12257K, committed 12608K, reserved 1048576K
}
Event: 7.296 GC heap before
{Heap before GC invocations=20 (full 0):
 garbage-first heap   total 131072K, used 101561K [0x0000000702400000, 0x0000000800000000)
  region size 2048K, 27 young (55296K), 4 survivors (8192K)
 Metaspace       used 86513K, committed 87232K, reserved 1179648K
  class space    used 12571K, committed 12928K, reserved 1048576K
}
Event: 7.298 GC heap after
{Heap after GC invocations=21 (full 0):
 garbage-first heap   total 131072K, used 51360K [0x0000000702400000, 0x0000000800000000)
  region size 2048K, 1 young (2048K), 1 survivors (2048K)
 Metaspace       used 86513K, committed 87232K, reserved 1179648K
  class space    used 12571K, committed 12928K, reserved 1048576K
}
Event: 7.524 GC heap before
{Heap before GC invocations=21 (full 0):
 garbage-first heap   total 131072K, used 104608K [0x0000000702400000, 0x0000000800000000)
  region size 2048K, 27 young (55296K), 1 survivors (2048K)
 Metaspace       used 88879K, committed 89664K, reserved 1179648K
  class space    used 12994K, committed 13376K, reserved 1048576K
}
Event: 7.526 GC heap after
{Heap after GC invocations=22 (full 0):
 garbage-first heap   total 157696K, used 52579K [0x0000000702400000, 0x0000000800000000)
  region size 2048K, 2 young (4096K), 2 survivors (4096K)
 Metaspace       used 88879K, committed 89664K, reserved 1179648K
  class space    used 12994K, committed 13376K, reserved 1048576K
}
Event: 7.607 GC heap before
{Heap before GC invocations=22 (full 0):
 garbage-first heap   total 157696K, used 128355K [0x0000000702400000, 0x0000000800000000)
  region size 2048K, 39 young (79872K), 2 survivors (4096K)
 Metaspace       used 88883K, committed 89664K, reserved 1179648K
  class space    used 12994K, committed 13376K, reserved 1048576K
}
Event: 7.613 GC heap after
{Heap after GC invocations=23 (full 0):
 garbage-first heap   total 157696K, used 67242K [0x0000000702400000, 0x0000000800000000)
  region size 2048K, 5 young (10240K), 5 survivors (10240K)
 Metaspace       used 88883K, committed 89664K, reserved 1179648K
  class space    used 12994K, committed 13376K, reserved 1048576K
}
Event: 7.662 GC heap before
{Heap before GC invocations=23 (full 0):
 garbage-first heap   total 157696K, used 116394K [0x0000000702400000, 0x0000000800000000)
  region size 2048K, 30 young (61440K), 5 survivors (10240K)
 Metaspace       used 88883K, committed 89664K, reserved 1179648K
  class space    used 12994K, committed 13376K, reserved 1048576K
}
Event: 7.673 GC heap after
{Heap after GC invocations=24 (full 0):
 garbage-first heap   total 157696K, used 87358K [0x0000000702400000, 0x0000000800000000)
  region size 2048K, 4 young (8192K), 4 survivors (8192K)
 Metaspace       used 88883K, committed 89664K, reserved 1179648K
  class space    used 12994K, committed 13376K, reserved 1048576K
}
Event: 7.674 GC heap before
{Heap before GC invocations=24 (full 0):
 garbage-first heap   total 157696K, used 87358K [0x0000000702400000, 0x0000000800000000)
  region size 2048K, 5 young (10240K), 4 survivors (8192K)
 Metaspace       used 88883K, committed 89664K, reserved 1179648K
  class space    used 12994K, committed 13376K, reserved 1048576K
}
Event: 7.677 GC heap after
{Heap after GC invocations=25 (full 0):
 garbage-first heap   total 157696K, used 89897K [0x0000000702400000, 0x0000000800000000)
  region size 2048K, 1 young (2048K), 1 survivors (2048K)
 Metaspace       used 88883K, committed 89664K, reserved 1179648K
  class space    used 12994K, committed 13376K, reserved 1048576K
}
Event: 7.739 GC heap before
{Heap before GC invocations=26 (full 0):
 garbage-first heap   total 182272K, used 120617K [0x0000000702400000, 0x0000000800000000)
  region size 2048K, 15 young (30720K), 1 survivors (2048K)
 Metaspace       used 88847K, committed 89664K, reserved 1179648K
  class space    used 12989K, committed 13376K, reserved 1048576K
}
Event: 7.742 GC heap after
{Heap after GC invocations=27 (full 0):
 garbage-first heap   total 182272K, used 93961K [0x0000000702400000, 0x0000000800000000)
  region size 2048K, 2 young (4096K), 2 survivors (4096K)
 Metaspace       used 88847K, committed 89664K, reserved 1179648K
  class space    used 12989K, committed 13376K, reserved 1048576K
}
Event: 7.755 GC heap before
{Heap before GC invocations=27 (full 0):
 garbage-first heap   total 182272K, used 98057K [0x0000000702400000, 0x0000000800000000)
  region size 2048K, 4 young (8192K), 2 survivors (4096K)
 Metaspace       used 88847K, committed 89664K, reserved 1179648K
  class space    used 12989K, committed 13376K, reserved 1048576K
}
Event: 7.757 GC heap after
{Heap after GC invocations=28 (full 0):
 garbage-first heap   total 182272K, used 96349K [0x0000000702400000, 0x0000000800000000)
  region size 2048K, 1 young (2048K), 1 survivors (2048K)
 Metaspace       used 88847K, committed 89664K, reserved 1179648K
  class space    used 12989K, committed 13376K, reserved 1048576K
}
Event: 7.800 GC heap before
{Heap before GC invocations=28 (full 0):
 garbage-first heap   total 182272K, used 135261K [0x0000000702400000, 0x0000000800000000)
  region size 2048K, 20 young (40960K), 1 survivors (2048K)
 Metaspace       used 88847K, committed 89664K, reserved 1179648K
  class space    used 12989K, committed 13376K, reserved 1048576K
}

