# JRE version: Java(TM) SE Runtime Environment (17.0.11+7) (build 17.0.11+7-LTS-207)
# Java VM: Java HotSpot(TM) 64-Bit Server VM (17.0.11+7-LTS-207, mixed mode, emulated-client, sharing, tiered, compressed oops, compressed class ptrs, g1 gc, windows-amd64)
GC Precious Log:
 CPUs: 20 total, 20 available
 Memory: 16234M
 Large Page Support: Disabled
 NUMA Support: Disabled
 Compressed Oops: Enabled (Zero based)
 Heap Region Size: 2M
 Heap Min Capacity: 8M
 Heap Initial Capacity: 254M
 Heap Max Capacity: 4060M
 Pre-touch: Disabled
 Parallel Workers: 15
 Concurrent Workers: 4
 Concurrent Refinement Workers: 15
 Periodic GC: Disabled
Heap:
 garbage-first heap   total 266240K, used 123265K [0x0000000702400000, 0x0000000800000000)
  region size 2048K, 3 young (6144K), 3 survivors (6144K)
 Metaspace       used 109729K, committed 110528K, reserved 1179648K
  class space    used 15620K, committed 16000K, reserved 1048576K
GC Heap History (20 events):
Event: 6.821 GC heap after
{Heap after GC invocations=27 (full 0):
 garbage-first heap   total 133120K, used 51460K [0x0000000702400000, 0x0000000800000000)
  region size 2048K, 1 young (2048K), 1 survivors (2048K)
 Metaspace       used 88413K, committed 89152K, reserved 1179648K
  class space    used 12941K, committed 13312K, reserved 1048576K
}
Event: 6.917 GC heap before
{Heap before GC invocations=27 (full 0):
 garbage-first heap   total 133120K, used 106756K [0x0000000702400000, 0x0000000800000000)
  region size 2048K, 28 young (57344K), 1 survivors (2048K)
 Metaspace       used 88880K, committed 89664K, reserved 1179648K
  class space    used 12994K, committed 13376K, reserved 1048576K
}
Event: 6.921 GC heap after
{Heap after GC invocations=28 (full 0):
 garbage-first heap   total 133120K, used 59508K [0x0000000702400000, 0x0000000800000000)
  region size 2048K, 4 young (8192K), 4 survivors (8192K)
 Metaspace       used 88880K, committed 89664K, reserved 1179648K
  class space    used 12994K, committed 13376K, reserved 1048576K
}
Event: 6.964 GC heap before
{Heap before GC invocations=28 (full 0):
 garbage-first heap   total 133120K, used 102516K [0x0000000702400000, 0x0000000800000000)
  region size 2048K, 25 young (51200K), 4 survivors (8192K)
 Metaspace       used 88881K, committed 89664K, reserved 1179648K
  class space    used 12994K, committed 13376K, reserved 1048576K
}
Event: 6.971 GC heap after
{Heap after GC invocations=29 (full 0):
 garbage-first heap   total 133120K, used 75113K [0x0000000702400000, 0x0000000800000000)
  region size 2048K, 4 young (8192K), 4 survivors (8192K)
 Metaspace       used 88881K, committed 89664K, reserved 1179648K
  class space    used 12994K, committed 13376K, reserved 1048576K
}
Event: 6.998 GC heap before
{Heap before GC invocations=29 (full 0):
 garbage-first heap   total 133120K, used 99689K [0x0000000702400000, 0x0000000800000000)
  region size 2048K, 16 young (32768K), 4 survivors (8192K)
 Metaspace       used 88881K, committed 89664K, reserved 1179648K
  class space    used 12994K, committed 13376K, reserved 1048576K
}
Event: 7.004 GC heap after
{Heap after GC invocations=30 (full 0):
 garbage-first heap   total 133120K, used 86661K [0x0000000702400000, 0x0000000800000000)
  region size 2048K, 2 young (4096K), 2 survivors (4096K)
 Metaspace       used 88881K, committed 89664K, reserved 1179648K
  class space    used 12994K, committed 13376K, reserved 1048576K
}
Event: 7.020 GC heap before
{Heap before GC invocations=30 (full 0):
 garbage-first heap   total 133120K, used 100997K [0x0000000702400000, 0x0000000800000000)
  region size 2048K, 9 young (18432K), 2 survivors (4096K)
 Metaspace       used 88881K, committed 89664K, reserved 1179648K
  class space    used 12994K, committed 13376K, reserved 1048576K
}
Event: 7.024 GC heap after
{Heap after GC invocations=31 (full 0):
 garbage-first heap   total 266240K, used 92951K [0x0000000702400000, 0x0000000800000000)
  region size 2048K, 2 young (4096K), 2 survivors (4096K)
 Metaspace       used 88881K, committed 89664K, reserved 1179648K
  class space    used 12994K, committed 13376K, reserved 1048576K
}
Event: 7.154 GC heap before
{Heap before GC invocations=32 (full 0):
 garbage-first heap   total 266240K, used 176919K [0x0000000702400000, 0x0000000800000000)
  region size 2048K, 42 young (86016K), 2 survivors (4096K)
 Metaspace       used 88844K, committed 89664K, reserved 1179648K
  class space    used 12989K, committed 13376K, reserved 1048576K
}
Event: 7.161 GC heap after
{Heap after GC invocations=33 (full 0):
 garbage-first heap   total 266240K, used 106518K [0x0000000702400000, 0x0000000800000000)
  region size 2048K, 6 young (12288K), 6 survivors (12288K)
 Metaspace       used 88844K, committed 89664K, reserved 1179648K
  class space    used 12989K, committed 13376K, reserved 1048576K
}
Event: 7.321 GC heap before
{Heap before GC invocations=33 (full 0):
 garbage-first heap   total 266240K, used 176150K [0x0000000702400000, 0x0000000800000000)
  region size 2048K, 40 young (81920K), 6 survivors (12288K)
 Metaspace       used 89426K, committed 90176K, reserved 1179648K
  class space    used 13058K, committed 13440K, reserved 1048576K
}
Event: 7.326 GC heap after
{Heap after GC invocations=34 (full 0):
 garbage-first heap   total 266240K, used 112474K [0x0000000702400000, 0x0000000800000000)
  region size 2048K, 3 young (6144K), 3 survivors (6144K)
 Metaspace       used 89426K, committed 90176K, reserved 1179648K
  class space    used 13058K, committed 13440K, reserved 1048576K
}
Event: 7.608 GC heap before
{Heap before GC invocations=34 (full 0):
 garbage-first heap   total 266240K, used 184154K [0x0000000702400000, 0x0000000800000000)
  region size 2048K, 38 young (77824K), 3 survivors (6144K)
 Metaspace       used 93876K, committed 94656K, reserved 1179648K
  class space    used 13655K, committed 14016K, reserved 1048576K
}
Event: 7.611 GC heap after
{Heap after GC invocations=35 (full 0):
 garbage-first heap   total 266240K, used 114431K [0x0000000702400000, 0x0000000800000000)
  region size 2048K, 4 young (8192K), 4 survivors (8192K)
 Metaspace       used 93876K, committed 94656K, reserved 1179648K
  class space    used 13655K, committed 14016K, reserved 1048576K
}
Event: 7.962 GC heap before
{Heap before GC invocations=35 (full 0):
 garbage-first heap   total 266240K, used 194303K [0x0000000702400000, 0x0000000800000000)
  region size 2048K, 43 young (88064K), 4 survivors (8192K)
 Metaspace       used 97653K, committed 98432K, reserved 1179648K
  class space    used 14213K, committed 14592K, reserved 1048576K
}
Event: 7.966 GC heap after
{Heap after GC invocations=36 (full 0):
 garbage-first heap   total 266240K, used 118796K [0x0000000702400000, 0x0000000800000000)
  region size 2048K, 4 young (8192K), 4 survivors (8192K)
 Metaspace       used 97653K, committed 98432K, reserved 1179648K
  class space    used 14213K, committed 14592K, reserved 1048576K
}
Event: 8.442 GC heap before
{Heap before GC invocations=36 (full 0):
 garbage-first heap   total 266240K, used 200716K [0x0000000702400000, 0x0000000800000000)
  region size 2048K, 44 young (90112K), 4 survivors (8192K)
 Metaspace       used 105936K, committed 106752K, reserved 1179648K
  class space    used 15110K, committed 15488K, reserved 1048576K
}
Event: 8.447 GC heap after
{Heap after GC invocations=37 (full 0):
 garbage-first heap   total 266240K, used 122296K [0x0000000702400000, 0x0000000800000000)
  region size 2048K, 4 young (8192K), 4 survivors (8192K)
 Metaspace       used 105936K, committed 106752K, reserved 1179648K
  class space    used 15110K, committed 15488K, reserved 1048576K
}
Event: 127.490 GC heap before
{Heap before GC invocations=37 (full 0):
 garbage-first heap   total 266240K, used 206264K [0x0000000702400000, 0x0000000800000000)
  region size 2048K, 45 young (92160K), 4 survivors (8192K)
 Metaspace       used 109729K, committed 110528K, reserved 1179648K
  class space    used 15620K, committed 16000K, reserved 1048576K
}

