# JRE version: Java(TM) SE Runtime Environment (17.0.11+7) (build 17.0.11+7-LTS-207)
# Java VM: Java HotSpot(TM) 64-Bit Server VM (17.0.11+7-LTS-207, mixed mode, emulated-client, sharing, tiered, compressed oops, compressed class ptrs, g1 gc, windows-amd64)
GC Precious Log:
 CPUs: 20 total, 20 available
 Memory: 16234M
 Large Page Support: Disabled
 NUMA Support: Disabled
 Compressed Oops: Enabled (Zero based)
 Heap Region Size: 2M
 Heap Min Capacity: 8M
 Heap Initial Capacity: 254M
 Heap Max Capacity: 4060M
 Pre-touch: Disabled
 Parallel Workers: 15
 Concurrent Workers: 4
 Concurrent Refinement Workers: 15
 Periodic GC: Disabled
Heap:
 garbage-first heap   total 260096K, used 72619K [0x0000000702400000, 0x0000000800000000)
  region size 2048K, 3 young (6144K), 3 survivors (6144K)
 Metaspace       used 97571K, committed 98368K, reserved 1179648K
  class space    used 14215K, committed 14592K, reserved 1048576K
GC Heap History (20 events):
Event: 9.371 GC heap after
{Heap after GC invocations=25 (full 0):
 garbage-first heap   total 143360K, used 58579K [0x0000000702400000, 0x0000000800000000)
  region size 2048K, 2 young (4096K), 2 survivors (4096K)
 Metaspace       used 88583K, committed 89280K, reserved 1179648K
  class space    used 12988K, committed 13312K, reserved 1048576K
}
Event: 9.443 GC heap before
{Heap before GC invocations=25 (full 0):
 garbage-first heap   total 143360K, used 113875K [0x0000000702400000, 0x0000000800000000)
  region size 2048K, 29 young (59392K), 2 survivors (4096K)
 Metaspace       used 88743K, committed 89472K, reserved 1179648K
  class space    used 13004K, committed 13376K, reserved 1048576K
}
Event: 9.447 GC heap after
{Heap after GC invocations=26 (full 0):
 garbage-first heap   total 143360K, used 67902K [0x0000000702400000, 0x0000000800000000)
  region size 2048K, 4 young (8192K), 4 survivors (8192K)
 Metaspace       used 88743K, committed 89472K, reserved 1179648K
  class space    used 13004K, committed 13376K, reserved 1048576K
}
Event: 9.491 GC heap before
{Heap before GC invocations=26 (full 0):
 garbage-first heap   total 143360K, used 110910K [0x0000000702400000, 0x0000000800000000)
  region size 2048K, 25 young (51200K), 4 survivors (8192K)
 Metaspace       used 88791K, committed 89536K, reserved 1179648K
  class space    used 13013K, committed 13376K, reserved 1048576K
}
Event: 9.496 GC heap after
{Heap after GC invocations=27 (full 0):
 garbage-first heap   total 143360K, used 79248K [0x0000000702400000, 0x0000000800000000)
  region size 2048K, 4 young (8192K), 4 survivors (8192K)
 Metaspace       used 88791K, committed 89536K, reserved 1179648K
  class space    used 13013K, committed 13376K, reserved 1048576K
}
Event: 9.527 GC heap before
{Heap before GC invocations=27 (full 0):
 garbage-first heap   total 143360K, used 109968K [0x0000000702400000, 0x0000000800000000)
  region size 2048K, 19 young (38912K), 4 survivors (8192K)
 Metaspace       used 88791K, committed 89536K, reserved 1179648K
  class space    used 13013K, committed 13376K, reserved 1048576K
}
Event: 9.533 GC heap after
{Heap after GC invocations=28 (full 0):
 garbage-first heap   total 241664K, used 92457K [0x0000000702400000, 0x0000000800000000)
  region size 2048K, 3 young (6144K), 3 survivors (6144K)
 Metaspace       used 88791K, committed 89536K, reserved 1179648K
  class space    used 13013K, committed 13376K, reserved 1048576K
}
Event: 9.656 GC heap before
{Heap before GC invocations=29 (full 0):
 garbage-first heap   total 241664K, used 164137K [0x0000000702400000, 0x0000000800000000)
  region size 2048K, 38 young (77824K), 3 survivors (6144K)
 Metaspace       used 88754K, committed 89536K, reserved 1179648K
  class space    used 13007K, committed 13376K, reserved 1048576K
}
Event: 9.664 GC heap after
{Heap after GC invocations=30 (full 0):
 garbage-first heap   total 241664K, used 113153K [0x0000000702400000, 0x0000000800000000)
  region size 2048K, 5 young (10240K), 5 survivors (10240K)
 Metaspace       used 88754K, committed 89536K, reserved 1179648K
  class space    used 13007K, committed 13376K, reserved 1048576K
}
Event: 9.667 GC heap before
{Heap before GC invocations=30 (full 0):
 garbage-first heap   total 241664K, used 115201K [0x0000000702400000, 0x0000000800000000)
  region size 2048K, 6 young (12288K), 5 survivors (10240K)
 Metaspace       used 88754K, committed 89536K, reserved 1179648K
  class space    used 13007K, committed 13376K, reserved 1048576K
}
Event: 9.672 GC heap after
{Heap after GC invocations=31 (full 0):
 garbage-first heap   total 241664K, used 113962K [0x0000000702400000, 0x0000000800000000)
  region size 2048K, 1 young (2048K), 1 survivors (2048K)
 Metaspace       used 88754K, committed 89536K, reserved 1179648K
  class space    used 13007K, committed 13376K, reserved 1048576K
}
Event: 9.796 GC heap before
{Heap before GC invocations=31 (full 0):
 garbage-first heap   total 241664K, used 171306K [0x0000000702400000, 0x0000000800000000)
  region size 2048K, 29 young (59392K), 1 survivors (2048K)
 Metaspace       used 89154K, committed 89856K, reserved 1179648K
  class space    used 13054K, committed 13376K, reserved 1048576K
}
Event: 9.797 GC heap after
{Heap after GC invocations=32 (full 0):
 garbage-first heap   total 241664K, used 113809K [0x0000000702400000, 0x0000000800000000)
  region size 2048K, 1 young (2048K), 1 survivors (2048K)
 Metaspace       used 89154K, committed 89856K, reserved 1179648K
  class space    used 13054K, committed 13376K, reserved 1048576K
}
Event: 10.044 GC heap before
{Heap before GC invocations=33 (full 0):
 garbage-first heap   total 241664K, used 167057K [0x0000000702400000, 0x0000000800000000)
  region size 2048K, 31 young (63488K), 1 survivors (2048K)
 Metaspace       used 93391K, committed 94080K, reserved 1179648K
  class space    used 13634K, committed 13952K, reserved 1048576K
}
Event: 10.046 GC heap after
{Heap after GC invocations=34 (full 0):
 garbage-first heap   total 241664K, used 107738K [0x0000000702400000, 0x0000000800000000)
  region size 2048K, 2 young (4096K), 2 survivors (4096K)
 Metaspace       used 93391K, committed 94080K, reserved 1179648K
  class space    used 13634K, committed 13952K, reserved 1048576K
}
Event: 10.061 GC heap before
{Heap before GC invocations=34 (full 0):
 garbage-first heap   total 241664K, used 113882K [0x0000000702400000, 0x0000000800000000)
  region size 2048K, 5 young (10240K), 2 survivors (4096K)
 Metaspace       used 93428K, committed 94144K, reserved 1179648K
  class space    used 13636K, committed 14016K, reserved 1048576K
}
Event: 10.063 GC heap after
{Heap after GC invocations=35 (full 0):
 garbage-first heap   total 241664K, used 84166K [0x0000000702400000, 0x0000000800000000)
  region size 2048K, 1 young (2048K), 1 survivors (2048K)
 Metaspace       used 93428K, committed 94144K, reserved 1179648K
  class space    used 13636K, committed 14016K, reserved 1048576K
}
Event: 10.084 GC heap before
{Heap before GC invocations=35 (full 0):
 garbage-first heap   total 241664K, used 92358K [0x0000000702400000, 0x0000000800000000)
  region size 2048K, 5 young (10240K), 1 survivors (2048K)
 Metaspace       used 93486K, committed 94208K, reserved 1179648K
  class space    used 13639K, committed 14016K, reserved 1048576K
}
Event: 10.086 GC heap after
{Heap after GC invocations=36 (full 0):
 garbage-first heap   total 241664K, used 68163K [0x0000000702400000, 0x0000000800000000)
  region size 2048K, 1 young (2048K), 1 survivors (2048K)
 Metaspace       used 93486K, committed 94208K, reserved 1179648K
  class space    used 13639K, committed 14016K, reserved 1048576K
}
Event: 10.492 GC heap before
{Heap before GC invocations=36 (full 0):
 garbage-first heap   total 241664K, used 162371K [0x0000000702400000, 0x0000000800000000)
  region size 2048K, 47 young (96256K), 1 survivors (2048K)
 Metaspace       used 97571K, committed 98368K, reserved 1179648K
  class space    used 14215K, committed 14592K, reserved 1048576K
}

