# JRE version: Java(TM) SE Runtime Environment (17.0.11+7) (build 17.0.11+7-LTS-207)
# Java VM: Java HotSpot(TM) 64-Bit Server VM (17.0.11+7-LTS-207, mixed mode, emulated-client, sharing, tiered, compressed oops, compressed class ptrs, g1 gc, windows-amd64)
GC Precious Log:
 CPUs: 20 total, 20 available
 Memory: 16234M
 Large Page Support: Disabled
 NUMA Support: Disabled
 Compressed Oops: Enabled (Zero based)
 Heap Region Size: 2M
 Heap Min Capacity: 8M
 Heap Initial Capacity: 254M
 Heap Max Capacity: 4060M
 Pre-touch: Disabled
 Parallel Workers: 15
 Concurrent Workers: 4
 Concurrent Refinement Workers: 15
 Periodic GC: Disabled
Heap:
 garbage-first heap   total 286720K, used 126800K [0x0000000702400000, 0x0000000800000000)
  region size 2048K, 5 young (10240K), 5 survivors (10240K)
 Metaspace       used 116072K, committed 116992K, reserved 1179648K
  class space    used 16628K, committed 17088K, reserved 1048576K
GC Heap History (20 events):
Event: 6.721 GC heap after
{Heap after GC invocations=25 (full 0):
 garbage-first heap   total 143360K, used 57830K [0x0000000702400000, 0x0000000800000000)
  region size 2048K, 2 young (4096K), 2 survivors (4096K)
 Metaspace       used 88588K, committed 89344K, reserved 1179648K
  class space    used 12974K, committed 13376K, reserved 1048576K
}
Event: 6.785 GC heap before
{Heap before GC invocations=25 (full 0):
 garbage-first heap   total 143360K, used 113126K [0x0000000702400000, 0x0000000800000000)
  region size 2048K, 29 young (59392K), 2 survivors (4096K)
 Metaspace       used 88716K, committed 89472K, reserved 1179648K
  class space    used 12987K, committed 13376K, reserved 1048576K
}
Event: 6.789 GC heap after
{Heap after GC invocations=26 (full 0):
 garbage-first heap   total 143360K, used 69406K [0x0000000702400000, 0x0000000800000000)
  region size 2048K, 4 young (8192K), 4 survivors (8192K)
 Metaspace       used 88716K, committed 89472K, reserved 1179648K
  class space    used 12987K, committed 13376K, reserved 1048576K
}
Event: 6.827 GC heap before
{Heap before GC invocations=26 (full 0):
 garbage-first heap   total 143360K, used 108318K [0x0000000702400000, 0x0000000800000000)
  region size 2048K, 23 young (47104K), 4 survivors (8192K)
 Metaspace       used 88764K, committed 89536K, reserved 1179648K
  class space    used 12996K, committed 13376K, reserved 1048576K
}
Event: 6.833 GC heap after
{Heap after GC invocations=27 (full 0):
 garbage-first heap   total 143360K, used 79149K [0x0000000702400000, 0x0000000800000000)
  region size 2048K, 3 young (6144K), 3 survivors (6144K)
 Metaspace       used 88764K, committed 89536K, reserved 1179648K
  class space    used 12996K, committed 13376K, reserved 1048576K
}
Event: 6.861 GC heap before
{Heap before GC invocations=27 (full 0):
 garbage-first heap   total 143360K, used 107821K [0x0000000702400000, 0x0000000800000000)
  region size 2048K, 17 young (34816K), 3 survivors (6144K)
 Metaspace       used 88764K, committed 89536K, reserved 1179648K
  class space    used 12996K, committed 13376K, reserved 1048576K
}
Event: 6.867 GC heap after
{Heap after GC invocations=28 (full 0):
 garbage-first heap   total 143360K, used 91544K [0x0000000702400000, 0x0000000800000000)
  region size 2048K, 3 young (6144K), 3 survivors (6144K)
 Metaspace       used 88764K, committed 89536K, reserved 1179648K
  class space    used 12996K, committed 13376K, reserved 1048576K
}
Event: 6.887 GC heap before
{Heap before GC invocations=28 (full 0):
 garbage-first heap   total 143360K, used 109976K [0x0000000702400000, 0x0000000800000000)
  region size 2048K, 12 young (24576K), 3 survivors (6144K)
 Metaspace       used 88764K, committed 89536K, reserved 1179648K
  class space    used 12996K, committed 13376K, reserved 1048576K
}
Event: 6.892 GC heap after
{Heap after GC invocations=29 (full 0):
 garbage-first heap   total 286720K, used 99341K [0x0000000702400000, 0x0000000800000000)
  region size 2048K, 2 young (4096K), 2 survivors (4096K)
 Metaspace       used 88764K, committed 89536K, reserved 1179648K
  class space    used 12996K, committed 13376K, reserved 1048576K
}
Event: 7.044 GC heap before
{Heap before GC invocations=30 (full 0):
 garbage-first heap   total 286720K, used 189453K [0x0000000702400000, 0x0000000800000000)
  region size 2048K, 46 young (94208K), 2 survivors (4096K)
 Metaspace       used 88871K, committed 89600K, reserved 1179648K
  class space    used 13007K, committed 13376K, reserved 1048576K
}
Event: 7.052 GC heap after
{Heap after GC invocations=31 (full 0):
 garbage-first heap   total 286720K, used 113421K [0x0000000702400000, 0x0000000800000000)
  region size 2048K, 6 young (12288K), 6 survivors (12288K)
 Metaspace       used 88871K, committed 89600K, reserved 1179648K
  class space    used 13007K, committed 13376K, reserved 1048576K
}
Event: 7.058 GC heap before
{Heap before GC invocations=31 (full 0):
 garbage-first heap   total 286720K, used 115469K [0x0000000702400000, 0x0000000800000000)
  region size 2048K, 7 young (14336K), 6 survivors (12288K)
 Metaspace       used 88895K, committed 89664K, reserved 1179648K
  class space    used 13008K, committed 13376K, reserved 1048576K
}
Event: 7.062 GC heap after
{Heap after GC invocations=32 (full 0):
 garbage-first heap   total 286720K, used 114177K [0x0000000702400000, 0x0000000800000000)
  region size 2048K, 1 young (2048K), 1 survivors (2048K)
 Metaspace       used 88895K, committed 89664K, reserved 1179648K
  class space    used 13008K, committed 13376K, reserved 1048576K
}
Event: 7.362 GC heap before
{Heap before GC invocations=32 (full 0):
 garbage-first heap   total 286720K, used 189953K [0x0000000702400000, 0x0000000800000000)
  region size 2048K, 38 young (77824K), 1 survivors (2048K)
 Metaspace       used 92640K, committed 93376K, reserved 1179648K
  class space    used 13561K, committed 13952K, reserved 1048576K
}
Event: 7.364 GC heap after
{Heap after GC invocations=33 (full 0):
 garbage-first heap   total 286720K, used 115223K [0x0000000702400000, 0x0000000800000000)
  region size 2048K, 2 young (4096K), 2 survivors (4096K)
 Metaspace       used 92640K, committed 93376K, reserved 1179648K
  class space    used 13561K, committed 13952K, reserved 1048576K
}
Event: 7.673 GC heap before
{Heap before GC invocations=33 (full 0):
 garbage-first heap   total 286720K, used 197143K [0x0000000702400000, 0x0000000800000000)
  region size 2048K, 42 young (86016K), 2 survivors (4096K)
 Metaspace       used 95926K, committed 96640K, reserved 1179648K
  class space    used 13989K, committed 14336K, reserved 1048576K
}
Event: 7.676 GC heap after
{Heap after GC invocations=34 (full 0):
 garbage-first heap   total 286720K, used 118134K [0x0000000702400000, 0x0000000800000000)
  region size 2048K, 3 young (6144K), 3 survivors (6144K)
 Metaspace       used 95926K, committed 96640K, reserved 1179648K
  class space    used 13989K, committed 14336K, reserved 1048576K
}
Event: 8.128 GC heap before
{Heap before GC invocations=34 (full 0):
 garbage-first heap   total 286720K, used 208246K [0x0000000702400000, 0x0000000800000000)
  region size 2048K, 47 young (96256K), 3 survivors (6144K)
 Metaspace       used 99787K, committed 100544K, reserved 1179648K
  class space    used 14584K, committed 14912K, reserved 1048576K
}
Event: 8.133 GC heap after
{Heap after GC invocations=35 (full 0):
 garbage-first heap   total 286720K, used 122522K [0x0000000702400000, 0x0000000800000000)
  region size 2048K, 6 young (12288K), 6 survivors (12288K)
 Metaspace       used 99787K, committed 100544K, reserved 1179648K
  class space    used 14584K, committed 14912K, reserved 1048576K
}
Event: 17.792 GC heap before
{Heap before GC invocations=35 (full 0):
 garbage-first heap   total 286720K, used 212634K [0x0000000702400000, 0x0000000800000000)
  region size 2048K, 51 young (104448K), 6 survivors (12288K)
 Metaspace       used 116072K, committed 116992K, reserved 1179648K
  class space    used 16628K, committed 17088K, reserved 1048576K
}

